#
# There is insufficient memory for the Java Runtime Environment to continue.
# Native memory allocation (mmap) failed to map 266338304 bytes for G1 virtual space
# Possible reasons:
#   The system is out of physical RAM or swap space
#   The process is running with CompressedOops enabled, and the Java Heap may be blocking the growth of the native heap
# Possible solutions:
#   Reduce memory load on the system
#   Increase physical memory or swap space
#   Check if swap backing store is full
#   Decrease Java heap size (-Xmx/-Xms)
#   Decrease number of Java threads
#   Decrease Java thread stack sizes (-Xss)
#   Set larger code cache with -XX:ReservedCodeCacheSize=
#   JVM is running with Zero Based Compressed Oops mode in which the Java heap is
#     placed in the first 32GB address space. The Java Heap base address is the
#     maximum limit for the native heap growth. Please use -XX:HeapBaseMinAddress
#     to set the Java Heap base and to place the Java Heap above 32GB virtual address.
# This output file may be truncated or incomplete.
#
#  Out of Memory Error (os_windows.cpp:3557), pid=11664, tid=11860
#
# JRE version:  (17.0.6+10) (build )
# Java VM: OpenJDK 64-Bit Server VM (17.0.6+10, mixed mode, sharing, tiered, compressed oops, compressed class ptrs, g1 gc, windows-amd64)
# No core dump will be written. Minidumps are not enabled by default on client versions of Windows
#

---------------  S U M M A R Y ------------

Command Line: -Dclassworlds.conf=O:\Programs\NetBeans-17\netbeans\java\maven\bin\m2.conf -Dmaven.home=O:\Programs\NetBeans-17\netbeans\java\maven -Dlibrary.jansi.path=O:\Programs\NetBeans-17\netbeans\java\maven\lib\jansi-native -Dmaven.multiModuleProjectDirectory=O:\Programming\omg\backend org.codehaus.plexus.classworlds.launcher.Launcher -Dmaven.ext.class.path=O:\Programs\NetBeans-17\netbeans\java\maven-nblib\netbeans-eventspy.jar -Dfile.encoding=UTF-8 --no-transfer-progress clean install

Host: Intel(R) Core(TM) i5-4690 CPU @ 3.50GHz, 4 cores, 15G,  Windows 10 , 64 bit Build 19041 (10.0.19041.1889)
Time: Wed May 24 13:27:35 2023 Russia TZ 7 Standard Time elapsed time: 0.009158 seconds (0d 0h 0m 0s)

---------------  T H R E A D  ---------------

Current thread (0x0000023db16a9290):  JavaThread "Unknown thread" [_thread_in_vm, id=11860, stack(0x000000e02be00000,0x000000e02bf00000)]

Stack: [0x000000e02be00000,0x000000e02bf00000]
Native frames: (J=compiled Java code, j=interpreted, Vv=VM code, C=native code)
V  [jvm.dll+0x67741a]
V  [jvm.dll+0x834434]
V  [jvm.dll+0x835bde]
V  [jvm.dll+0x836243]
V  [jvm.dll+0x2457b5]
V  [jvm.dll+0x674329]
V  [jvm.dll+0x6689da]
V  [jvm.dll+0x30489b]
V  [jvm.dll+0x30bd96]
V  [jvm.dll+0x35b57e]
V  [jvm.dll+0x35b7af]
V  [jvm.dll+0x2db778]
V  [jvm.dll+0x2dc6e4]
V  [jvm.dll+0x806131]
V  [jvm.dll+0x369331]
V  [jvm.dll+0x7e56ac]
V  [jvm.dll+0x3eb35f]
V  [jvm.dll+0x3ecea1]
C  [jli.dll+0x5267]
C  [ucrtbase.dll+0x21bb2]
C  [KERNEL32.DLL+0x17034]
C  [ntdll.dll+0x526a1]


---------------  P R O C E S S  ---------------

Threads class SMR info:
_java_thread_list=0x00007ffc54375fd8, length=0, elements={
}

Java Threads: ( => current thread )

Other Threads:
  0x0000023db1718320 GCTaskThread "GC Thread#0" [stack: 0x000000e02bf00000,0x000000e02c000000] [id=752]
  0x0000023db1729030 ConcurrentGCThread "G1 Main Marker" [stack: 0x000000e02c000000,0x000000e02c100000] [id=17448]
  0x0000023db172a1e0 ConcurrentGCThread "G1 Conc#0" [stack: 0x000000e02c100000,0x000000e02c200000] [id=13280]

[error occurred during error reporting (printing all threads), id 0xc0000005, EXCEPTION_ACCESS_VIOLATION (0xc0000005) at pc=0x00007ffc53b4c1e7]

VM state: not at safepoint (not fully initialized)

VM Mutex/Monitor currently owned by a thread:  ([mutex/lock_event])
[0x0000023db16a5510] Heap_lock - owner thread: 0x0000023db16a9290

Heap address: 0x0000000702200000, size: 4062 MB, Compressed Oops mode: Zero based, Oop shift amount: 3

CDS archive(s) mapped at: [0x0000000000000000-0x0000000000000000-0x0000000000000000), size 0, SharedBaseAddress: 0x0000000800000000, ArchiveRelocationMode: 0.
Narrow klass base: 0x0000000000000000, Narrow klass shift: 0, Narrow klass range: 0x0

GC Precious Log:
<Empty>

Heap:
 garbage-first heap   total 0K, used 0K [0x0000000702200000, 0x0000000800000000)
  region size 2048K, 0 young (0K), 0 survivors (0K)

[error occurred during error reporting (printing heap information), id 0xc0000005, EXCEPTION_ACCESS_VIOLATION (0xc0000005) at pc=0x00007ffc53f306f9]

GC Heap History (0 events):
No events

Dll operation events (1 events):
Event: 0.006 Loaded shared library C:\Program Files\Eclipse Adoptium\jdk-17.0.6.10-hotspot\bin\java.dll

Deoptimization events (0 events):
No events

Classes unloaded (0 events):
No events

Classes redefined (0 events):
No events

Internal exceptions (0 events):
No events

VM Operations (0 events):
No events

Events (0 events):
No events


Dynamic libraries:
0x00007ff724f80000 - 0x00007ff724f8e000 	C:\Program Files\Eclipse Adoptium\jdk-17.0.6.10-hotspot\bin\java.exe
0x00007ffcb8e30000 - 0x00007ffcb9028000 	C:\Windows\SYSTEM32\ntdll.dll
0x00007ffcb8790000 - 0x00007ffcb884d000 	C:\Windows\System32\KERNEL32.DLL
0x00007ffcb6bb0000 - 0x00007ffcb6e82000 	C:\Windows\System32\KERNELBASE.dll
0x00007ffcb6ab0000 - 0x00007ffcb6bb0000 	C:\Windows\System32\ucrtbase.dll
0x00007ffc5a2a0000 - 0x00007ffc5a2b9000 	C:\Program Files\Eclipse Adoptium\jdk-17.0.6.10-hotspot\bin\VCRUNTIME140.dll
0x00007ffc5a950000 - 0x00007ffc5a967000 	C:\Program Files\Eclipse Adoptium\jdk-17.0.6.10-hotspot\bin\jli.dll
0x00007ffcb8c50000 - 0x00007ffcb8ded000 	C:\Windows\System32\USER32.dll
0x00007ffca5800000 - 0x00007ffca5a9a000 	C:\Windows\WinSxS\amd64_microsoft.windows.common-controls_6595b64144ccf1df_6.0.19041.1110_none_60b5254171f9507e\COMCTL32.dll
0x00007ffcb68a0000 - 0x00007ffcb68c2000 	C:\Windows\System32\win32u.dll
0x00007ffcb8350000 - 0x00007ffcb837b000 	C:\Windows\System32\GDI32.dll
0x00007ffcb8a70000 - 0x00007ffcb8b0e000 	C:\Windows\System32\msvcrt.dll
0x00007ffcb6660000 - 0x00007ffcb676f000 	C:\Windows\System32\gdi32full.dll
0x00007ffcb6770000 - 0x00007ffcb680d000 	C:\Windows\System32\msvcp_win.dll
0x00007ffcb85a0000 - 0x00007ffcb85d0000 	C:\Windows\System32\IMM32.DLL
0x00007ffc9a860000 - 0x00007ffc9a86c000 	C:\Program Files\Eclipse Adoptium\jdk-17.0.6.10-hotspot\bin\vcruntime140_1.dll
0x00007ffc59700000 - 0x00007ffc59791000 	C:\Program Files\Eclipse Adoptium\jdk-17.0.6.10-hotspot\bin\msvcp140.dll
0x00007ffc53860000 - 0x00007ffc544a7000 	C:\Program Files\Eclipse Adoptium\jdk-17.0.6.10-hotspot\bin\server\jvm.dll
0x00007ffcb84f0000 - 0x00007ffcb859e000 	C:\Windows\System32\ADVAPI32.dll
0x00007ffcb89d0000 - 0x00007ffcb8a6c000 	C:\Windows\System32\sechost.dll
0x00007ffcb8b20000 - 0x00007ffcb8c45000 	C:\Windows\System32\RPCRT4.dll
0x00007ffc9a770000 - 0x00007ffc9a779000 	C:\Windows\SYSTEM32\WSOCK32.dll
0x00007ffcb8720000 - 0x00007ffcb878b000 	C:\Windows\System32\WS2_32.dll
0x00007ffca90e0000 - 0x00007ffca9107000 	C:\Windows\SYSTEM32\WINMM.dll
0x00007ffcab4d0000 - 0x00007ffcab4da000 	C:\Windows\SYSTEM32\VERSION.dll
0x00007ffcb4420000 - 0x00007ffcb4432000 	C:\Windows\SYSTEM32\kernel.appcore.dll
0x00007ffc994c0000 - 0x00007ffc994ca000 	C:\Program Files\Eclipse Adoptium\jdk-17.0.6.10-hotspot\bin\jimage.dll
0x00007ffca3e30000 - 0x00007ffca4014000 	C:\Windows\SYSTEM32\DBGHELP.DLL
0x00007ffca4660000 - 0x00007ffca468c000 	C:\Windows\SYSTEM32\dbgcore.DLL
0x00007ffcb6810000 - 0x00007ffcb6892000 	C:\Windows\System32\bcryptPrimitives.dll
0x00007ffc5a270000 - 0x00007ffc5a295000 	C:\Program Files\Eclipse Adoptium\jdk-17.0.6.10-hotspot\bin\java.dll

dbghelp: loaded successfully - version: 4.0.5 - missing functions: none
symbol engine: initialized successfully - sym options: 0x614 - pdb path: .;C:\Program Files\Eclipse Adoptium\jdk-17.0.6.10-hotspot\bin;C:\Windows\SYSTEM32;C:\Windows\WinSxS\amd64_microsoft.windows.common-controls_6595b64144ccf1df_6.0.19041.1110_none_60b5254171f9507e;C:\Program Files\Eclipse Adoptium\jdk-17.0.6.10-hotspot\bin\server

VM Arguments:
jvm_args: -Dclassworlds.conf=O:\Programs\NetBeans-17\netbeans\java\maven\bin\m2.conf -Dmaven.home=O:\Programs\NetBeans-17\netbeans\java\maven -Dlibrary.jansi.path=O:\Programs\NetBeans-17\netbeans\java\maven\lib\jansi-native -Dmaven.multiModuleProjectDirectory=O:\Programming\omg\backend 
java_command: org.codehaus.plexus.classworlds.launcher.Launcher -Dmaven.ext.class.path=O:\Programs\NetBeans-17\netbeans\java\maven-nblib\netbeans-eventspy.jar -Dfile.encoding=UTF-8 --no-transfer-progress clean install
java_class_path (initial): O:\Programs\NetBeans-17\netbeans\java\maven\boot\plexus-classworlds-2.6.0.jar
Launcher Type: SUN_STANDARD

[Global flags]
     intx CICompilerCount                          = 3                                         {product} {ergonomic}
     uint ConcGCThreads                            = 1                                         {product} {ergonomic}
     uint G1ConcRefinementThreads                  = 4                                         {product} {ergonomic}
   size_t G1HeapRegionSize                         = 2097152                                   {product} {ergonomic}
    uintx GCDrainStackTargetSize                   = 64                                        {product} {ergonomic}
   size_t InitialHeapSize                          = 266338304                                 {product} {ergonomic}
   size_t MarkStackSize                            = 4194304                                   {product} {ergonomic}
   size_t MaxHeapSize                              = 4259315712                                {product} {ergonomic}
   size_t MinHeapDeltaBytes                        = 2097152                                   {product} {ergonomic}
   size_t MinHeapSize                              = 8388608                                   {product} {ergonomic}
    uintx NonNMethodCodeHeapSize                   = 5832780                                {pd product} {ergonomic}
    uintx NonProfiledCodeHeapSize                  = 122912730                              {pd product} {ergonomic}
    uintx ProfiledCodeHeapSize                     = 122912730                              {pd product} {ergonomic}
    uintx ReservedCodeCacheSize                    = 251658240                              {pd product} {ergonomic}
     bool SegmentedCodeCache                       = true                                      {product} {ergonomic}
   size_t SoftMaxHeapSize                          = 4259315712                             {manageable} {ergonomic}
     bool UseCompressedClassPointers               = true                           {product lp64_product} {ergonomic}
     bool UseCompressedOops                        = true                           {product lp64_product} {ergonomic}
     bool UseG1GC                                  = true                                      {product} {ergonomic}
     bool UseLargePagesIndividualAllocation        = false                                  {pd product} {ergonomic}

Logging:
Log output configuration:
 #0: stdout all=warning uptime,level,tags
 #1: stderr all=off uptime,level,tags

Environment Variables:
JAVA_HOME=C:\Program Files\Eclipse Adoptium\jdk-17.0.6.10-hotspot
PATH=C:\Program Files\Eclipse Adoptium\jdk-17.0.6.10-hotspot\bin;C:\Program Files\Eclipse Adoptium\jdk-11.0.16.8-hotspot\bin;C:\Program Files\dotnet\;C:\Windows\System32;C:\Program Files\Microsoft SQL Server\130\Tools\Binn\;C:\Program Files\Microsoft SQL Server\Client SDK\ODBC\170\Tools\Binn\;C:\Program Files\Azure Data Studio\bin;C:\Program Files (x86)\Microsoft SQL Server\150\DTS\Binn\;C:\ProgramData\chocolatey\bin;C:\Program Files\nodejs\;C:\Program Files\Git\cmd;C:\Windows\System32\WindowsPowerShell\v1.0;C:\Users\barda\AppData\Local\Programs\Python\Python311\Scripts\;C:\Users\barda\AppData\Local\Programs\Python\Python311\;C:\msys64\mingw64\bin;C:\Users\barda\AppData\Local\GitHubDesktop\bin;D:\Programs\Microsoft VS Code\bin;C:\Users\barda\.dotnet\tools;C:\Users\barda\AppData\Roaming\npm;O:\Programs\Microsoft VS Code\bin
USERNAME=barda
OS=Windows_NT
PROCESSOR_IDENTIFIER=Intel64 Family 6 Model 60 Stepping 3, GenuineIntel
TMP=C:\Users\barda\AppData\Local\Temp
TEMP=C:\Users\barda\AppData\Local\Temp



---------------  S Y S T E M  ---------------

OS:
 Windows 10 , 64 bit Build 19041 (10.0.19041.1889)
OS uptime: 15 days 0:27 hours

CPU: total 4 (initial active 4) (4 cores per cpu, 1 threads per core) family 6 model 60 stepping 3 microcode 0x27, cx8, cmov, fxsr, mmx, sse, sse2, sse3, ssse3, sse4.1, sse4.2, popcnt, lzcnt, tsc, tscinvbit, avx, avx2, aes, erms, clmul, bmi1, bmi2, fma, vzeroupper, clflush

Memory: 4k page, system-wide physical 16244M (4235M free)
TotalPageFile size 18292M (AvailPageFile size 22M)
current process WorkingSet (physical memory assigned to process): 10M, peak: 10M
current process commit charge ("private bytes"): 52M, peak: 305M

vm_info: OpenJDK 64-Bit Server VM (17.0.6+10) for windows-amd64 JRE (17.0.6+10), built on Jan 18 2023 10:08:59 by "temurin" with MS VC++ 16.7 (VS2019)

END.
