#
# There is insufficient memory for the Java Runtime Environment to continue.
# Native memory allocation (malloc) failed to allocate 650336 bytes for Chunk::new
# Possible reasons:
#   The system is out of physical RAM or swap space
#   The process is running with CompressedOops enabled, and the Java Heap may be blocking the growth of the native heap
# Possible solutions:
#   Reduce memory load on the system
#   Increase physical memory or swap space
#   Check if swap backing store is full
#   Decrease Java heap size (-Xmx/-Xms)
#   Decrease number of Java threads
#   Decrease Java thread stack sizes (-Xss)
#   Set larger code cache with -XX:ReservedCodeCacheSize=
#   JVM is running with Zero Based Compressed Oops mode in which the Java heap is
#     placed in the first 32GB address space. The Java Heap base address is the
#     maximum limit for the native heap growth. Please use -XX:HeapBaseMinAddress
#     to set the Java Heap base and to place the Java Heap above 32GB virtual address.
# This output file may be truncated or incomplete.
#
#  Out of Memory Error (arena.cpp:189), pid=11112, tid=11384
#
# JRE version: OpenJDK Runtime Environment Temurin-17.0.6+10 (17.0.6+10) (build 17.0.6+10)
# Java VM: OpenJDK 64-Bit Server VM Temurin-17.0.6+10 (17.0.6+10, mixed mode, sharing, tiered, compressed oops, compressed class ptrs, g1 gc, windows-amd64)
# No core dump will be written. Minidumps are not enabled by default on client versions of Windows
#

---------------  S U M M A R Y ------------

Command Line: -Dclassworlds.conf=O:\Programs\NetBeans-17\netbeans\java\maven\bin\m2.conf -Dmaven.home=O:\Programs\NetBeans-17\netbeans\java\maven -Dlibrary.jansi.path=O:\Programs\NetBeans-17\netbeans\java\maven\lib\jansi-native -Dmaven.multiModuleProjectDirectory=O:\Programming\omg\backend org.codehaus.plexus.classworlds.launcher.Launcher -Dmaven.ext.class.path=O:\Programs\NetBeans-17\netbeans\java\maven-nblib\netbeans-eventspy.jar -Dfile.encoding=UTF-8 --no-transfer-progress clean install

Host: Intel(R) Core(TM) i5-4690 CPU @ 3.50GHz, 4 cores, 15G,  Windows 10 , 64 bit Build 19041 (10.0.19041.1889)
Time: Thu May 25 00:30:41 2023 Russia TZ 7 Standard Time elapsed time: 0.941933 seconds (0d 0h 0m 0s)

---------------  T H R E A D  ---------------

Current thread (0x0000023eb3c325c0):  JavaThread "C2 CompilerThread0" daemon [_thread_in_native, id=11384, stack(0x0000009f4b900000,0x0000009f4ba00000)]


Current CompileTask:
C2:    941 1731   !   4       java.net.URL::<init> (543 bytes)

Stack: [0x0000009f4b900000,0x0000009f4ba00000]
Native frames: (J=compiled Java code, j=interpreted, Vv=VM code, C=native code)
V  [jvm.dll+0x67741a]
V  [jvm.dll+0x834434]
V  [jvm.dll+0x835bde]
V  [jvm.dll+0x836243]
V  [jvm.dll+0x2457b5]
V  [jvm.dll+0xabafc]
V  [jvm.dll+0xac0cc]
V  [jvm.dll+0x2ac94f]
V  [jvm.dll+0x57de47]
V  [jvm.dll+0x220812]
V  [jvm.dll+0x220bef]
V  [jvm.dll+0x21a445]
V  [jvm.dll+0x21790b]
V  [jvm.dll+0x1a3d0d]
V  [jvm.dll+0x22742a]
V  [jvm.dll+0x225565]
V  [jvm.dll+0x7ea2cb]
V  [jvm.dll+0x7e483a]
V  [jvm.dll+0x6762c5]
C  [ucrtbase.dll+0x21bb2]
C  [KERNEL32.DLL+0x17034]
C  [ntdll.dll+0x526a1]


---------------  P R O C E S S  ---------------

Threads class SMR info:
_java_thread_list=0x0000023eb51f9230, length=13, elements={
0x0000023e9155d3c0, 0x0000023eb3c12200, 0x0000023eb3c14dc0, 0x0000023eb3c2ac90,
0x0000023eb3c2b640, 0x0000023eb3c2bff0, 0x0000023eb3c2d1c0, 0x0000023eb3c325c0,
0x0000023eb4820090, 0x0000023eb48219a0, 0x0000023eb4938b80, 0x0000023eb493b880,
0x0000023eb51b2d80
}

Java Threads: ( => current thread )
  0x0000023e9155d3c0 JavaThread "main" [_thread_in_vm, id=17856, stack(0x0000009f4ac00000,0x0000009f4ad00000)]
  0x0000023eb3c12200 JavaThread "Reference Handler" daemon [_thread_blocked, id=14036, stack(0x0000009f4b300000,0x0000009f4b400000)]
  0x0000023eb3c14dc0 JavaThread "Finalizer" daemon [_thread_blocked, id=10312, stack(0x0000009f4b400000,0x0000009f4b500000)]
  0x0000023eb3c2ac90 JavaThread "Signal Dispatcher" daemon [_thread_blocked, id=19888, stack(0x0000009f4b500000,0x0000009f4b600000)]
  0x0000023eb3c2b640 JavaThread "Attach Listener" daemon [_thread_blocked, id=15396, stack(0x0000009f4b600000,0x0000009f4b700000)]
  0x0000023eb3c2bff0 JavaThread "Service Thread" daemon [_thread_blocked, id=20332, stack(0x0000009f4b700000,0x0000009f4b800000)]
  0x0000023eb3c2d1c0 JavaThread "Monitor Deflation Thread" daemon [_thread_blocked, id=12096, stack(0x0000009f4b800000,0x0000009f4b900000)]
=>0x0000023eb3c325c0 JavaThread "C2 CompilerThread0" daemon [_thread_in_native, id=11384, stack(0x0000009f4b900000,0x0000009f4ba00000)]
  0x0000023eb4820090 JavaThread "C1 CompilerThread0" daemon [_thread_blocked, id=18944, stack(0x0000009f4ba00000,0x0000009f4bb00000)]
  0x0000023eb48219a0 JavaThread "Sweeper thread" daemon [_thread_blocked, id=3304, stack(0x0000009f4bb00000,0x0000009f4bc00000)]
  0x0000023eb4938b80 JavaThread "Notification Thread" daemon [_thread_blocked, id=19044, stack(0x0000009f4bc00000,0x0000009f4bd00000)]
  0x0000023eb493b880 JavaThread "Common-Cleaner" daemon [_thread_blocked, id=13984, stack(0x0000009f4be00000,0x0000009f4bf00000)]
  0x0000023eb51b2d80 JavaThread "C2 CompilerThread1" daemon [_thread_blocked, id=11076, stack(0x0000009f4c200000,0x0000009f4c300000)]

Other Threads:
  0x0000023eb3c0dea0 VMThread "VM Thread" [stack: 0x0000009f4b200000,0x0000009f4b300000] [id=11656]
  0x0000023e915ef080 WatcherThread [stack: 0x0000009f4bd00000,0x0000009f4be00000] [id=13572]
  0x0000023e915cca00 GCTaskThread "GC Thread#0" [stack: 0x0000009f4ad00000,0x0000009f4ae00000] [id=16356]
  0x0000023eb4b4ac70 GCTaskThread "GC Thread#1" [stack: 0x0000009f4bf00000,0x0000009f4c000000] [id=18104]
  0x0000023eb4b4a710 GCTaskThread "GC Thread#2" [stack: 0x0000009f4c000000,0x0000009f4c100000] [id=17780]
  0x0000023eb4b4b1d0 GCTaskThread "GC Thread#3" [stack: 0x0000009f4c100000,0x0000009f4c200000] [id=17036]
  0x0000023e915dd5b0 ConcurrentGCThread "G1 Main Marker" [stack: 0x0000009f4ae00000,0x0000009f4af00000] [id=9868]
  0x0000023e915de600 ConcurrentGCThread "G1 Conc#0" [stack: 0x0000009f4af00000,0x0000009f4b000000] [id=248]
  0x0000023e91621ab0 ConcurrentGCThread "G1 Refine#0" [stack: 0x0000009f4b000000,0x0000009f4b100000] [id=18272]
  0x0000023eb3ad24c0 ConcurrentGCThread "G1 Service" [stack: 0x0000009f4b100000,0x0000009f4b200000] [id=15080]

Threads with active compile tasks:
C2 CompilerThread0      963 1731   !   4       java.net.URL::<init> (543 bytes)

VM state: not at safepoint (normal execution)

VM Mutex/Monitor currently owned by a thread:  ([mutex/lock_event])
[0x0000023e915567e0] Metaspace_lock - owner thread: 0x0000023e9155d3c0

Heap address: 0x0000000702200000, size: 4062 MB, Compressed Oops mode: Zero based, Oop shift amount: 3

CDS archive(s) mapped at: [0x0000000800000000-0x0000000800bc0000-0x0000000800bc0000), size 12320768, SharedBaseAddress: 0x0000000800000000, ArchiveRelocationMode: 0.
Compressed class space mapped at: 0x0000000800c00000-0x0000000840c00000, reserved size: 1073741824
Narrow klass base: 0x0000000800000000, Narrow klass shift: 0, Narrow klass range: 0x100000000

GC Precious Log:
 CPUs: 4 total, 4 available
 Memory: 16244M
 Large Page Support: Disabled
 NUMA Support: Disabled
 Compressed Oops: Enabled (Zero based)
 Heap Region Size: 2M
 Heap Min Capacity: 8M
 Heap Initial Capacity: 254M
 Heap Max Capacity: 4062M
 Pre-touch: Disabled
 Parallel Workers: 4
 Concurrent Workers: 1
 Concurrent Refinement Workers: 4
 Periodic GC: Disabled

Heap:
 garbage-first heap   total 260096K, used 11212K [0x0000000702200000, 0x0000000800000000)
  region size 2048K, 5 young (10240K), 1 survivors (2048K)
 Metaspace       used 10089K, committed 10240K, reserved 1064960K
  class space    used 1241K, committed 1344K, reserved 1048576K

Heap Regions: E=young(eden), S=young(survivor), O=old, HS=humongous(starts), HC=humongous(continues), CS=collection set, F=free, OA=open archive, CA=closed archive, TAMS=top-at-mark-start (previous, next)
|   0|0x0000000702200000, 0x0000000702400000, 0x0000000702400000|100%| O|  |TAMS 0x0000000702200000, 0x0000000702200000| Untracked 
|   1|0x0000000702400000, 0x0000000702503400, 0x0000000702600000| 50%| O|  |TAMS 0x0000000702400000, 0x0000000702400000| Untracked 
|   2|0x0000000702600000, 0x0000000702600000, 0x0000000702800000|  0%| F|  |TAMS 0x0000000702600000, 0x0000000702600000| Untracked 
|   3|0x0000000702800000, 0x0000000702800000, 0x0000000702a00000|  0%| F|  |TAMS 0x0000000702800000, 0x0000000702800000| Untracked 
|   4|0x0000000702a00000, 0x0000000702a00000, 0x0000000702c00000|  0%| F|  |TAMS 0x0000000702a00000, 0x0000000702a00000| Untracked 
|   5|0x0000000702c00000, 0x0000000702c00000, 0x0000000702e00000|  0%| F|  |TAMS 0x0000000702c00000, 0x0000000702c00000| Untracked 
|   6|0x0000000702e00000, 0x0000000702e00000, 0x0000000703000000|  0%| F|  |TAMS 0x0000000702e00000, 0x0000000702e00000| Untracked 
|   7|0x0000000703000000, 0x0000000703000000, 0x0000000703200000|  0%| F|  |TAMS 0x0000000703000000, 0x0000000703000000| Untracked 
|   8|0x0000000703200000, 0x0000000703200000, 0x0000000703400000|  0%| F|  |TAMS 0x0000000703200000, 0x0000000703200000| Untracked 
|   9|0x0000000703400000, 0x0000000703400000, 0x0000000703600000|  0%| F|  |TAMS 0x0000000703400000, 0x0000000703400000| Untracked 
|  10|0x0000000703600000, 0x0000000703600000, 0x0000000703800000|  0%| F|  |TAMS 0x0000000703600000, 0x0000000703600000| Untracked 
|  11|0x0000000703800000, 0x0000000703800000, 0x0000000703a00000|  0%| F|  |TAMS 0x0000000703800000, 0x0000000703800000| Untracked 
|  12|0x0000000703a00000, 0x0000000703a00000, 0x0000000703c00000|  0%| F|  |TAMS 0x0000000703a00000, 0x0000000703a00000| Untracked 
|  13|0x0000000703c00000, 0x0000000703c00000, 0x0000000703e00000|  0%| F|  |TAMS 0x0000000703c00000, 0x0000000703c00000| Untracked 
|  14|0x0000000703e00000, 0x0000000703e00000, 0x0000000704000000|  0%| F|  |TAMS 0x0000000703e00000, 0x0000000703e00000| Untracked 
|  15|0x0000000704000000, 0x0000000704000000, 0x0000000704200000|  0%| F|  |TAMS 0x0000000704000000, 0x0000000704000000| Untracked 
|  16|0x0000000704200000, 0x0000000704200000, 0x0000000704400000|  0%| F|  |TAMS 0x0000000704200000, 0x0000000704200000| Untracked 
|  17|0x0000000704400000, 0x0000000704400000, 0x0000000704600000|  0%| F|  |TAMS 0x0000000704400000, 0x0000000704400000| Untracked 
|  18|0x0000000704600000, 0x0000000704600000, 0x0000000704800000|  0%| F|  |TAMS 0x0000000704600000, 0x0000000704600000| Untracked 
|  19|0x0000000704800000, 0x0000000704800000, 0x0000000704a00000|  0%| F|  |TAMS 0x0000000704800000, 0x0000000704800000| Untracked 
|  20|0x0000000704a00000, 0x0000000704a00000, 0x0000000704c00000|  0%| F|  |TAMS 0x0000000704a00000, 0x0000000704a00000| Untracked 
|  21|0x0000000704c00000, 0x0000000704c00000, 0x0000000704e00000|  0%| F|  |TAMS 0x0000000704c00000, 0x0000000704c00000| Untracked 
|  22|0x0000000704e00000, 0x0000000704e00000, 0x0000000705000000|  0%| F|  |TAMS 0x0000000704e00000, 0x0000000704e00000| Untracked 
|  23|0x0000000705000000, 0x0000000705000000, 0x0000000705200000|  0%| F|  |TAMS 0x0000000705000000, 0x0000000705000000| Untracked 
|  24|0x0000000705200000, 0x0000000705200000, 0x0000000705400000|  0%| F|  |TAMS 0x0000000705200000, 0x0000000705200000| Untracked 
|  25|0x0000000705400000, 0x0000000705400000, 0x0000000705600000|  0%| F|  |TAMS 0x0000000705400000, 0x0000000705400000| Untracked 
|  26|0x0000000705600000, 0x0000000705600000, 0x0000000705800000|  0%| F|  |TAMS 0x0000000705600000, 0x0000000705600000| Untracked 
|  27|0x0000000705800000, 0x0000000705800000, 0x0000000705a00000|  0%| F|  |TAMS 0x0000000705800000, 0x0000000705800000| Untracked 
|  28|0x0000000705a00000, 0x0000000705a00000, 0x0000000705c00000|  0%| F|  |TAMS 0x0000000705a00000, 0x0000000705a00000| Untracked 
|  29|0x0000000705c00000, 0x0000000705c00000, 0x0000000705e00000|  0%| F|  |TAMS 0x0000000705c00000, 0x0000000705c00000| Untracked 
|  30|0x0000000705e00000, 0x0000000705e00000, 0x0000000706000000|  0%| F|  |TAMS 0x0000000705e00000, 0x0000000705e00000| Untracked 
|  31|0x0000000706000000, 0x0000000706000000, 0x0000000706200000|  0%| F|  |TAMS 0x0000000706000000, 0x0000000706000000| Untracked 
|  32|0x0000000706200000, 0x0000000706200000, 0x0000000706400000|  0%| F|  |TAMS 0x0000000706200000, 0x0000000706200000| Untracked 
|  33|0x0000000706400000, 0x0000000706400000, 0x0000000706600000|  0%| F|  |TAMS 0x0000000706400000, 0x0000000706400000| Untracked 
|  34|0x0000000706600000, 0x0000000706600000, 0x0000000706800000|  0%| F|  |TAMS 0x0000000706600000, 0x0000000706600000| Untracked 
|  35|0x0000000706800000, 0x0000000706800000, 0x0000000706a00000|  0%| F|  |TAMS 0x0000000706800000, 0x0000000706800000| Untracked 
|  36|0x0000000706a00000, 0x0000000706a00000, 0x0000000706c00000|  0%| F|  |TAMS 0x0000000706a00000, 0x0000000706a00000| Untracked 
|  37|0x0000000706c00000, 0x0000000706c00000, 0x0000000706e00000|  0%| F|  |TAMS 0x0000000706c00000, 0x0000000706c00000| Untracked 
|  38|0x0000000706e00000, 0x0000000706e00000, 0x0000000707000000|  0%| F|  |TAMS 0x0000000706e00000, 0x0000000706e00000| Untracked 
|  39|0x0000000707000000, 0x0000000707000000, 0x0000000707200000|  0%| F|  |TAMS 0x0000000707000000, 0x0000000707000000| Untracked 
|  40|0x0000000707200000, 0x0000000707200000, 0x0000000707400000|  0%| F|  |TAMS 0x0000000707200000, 0x0000000707200000| Untracked 
|  41|0x0000000707400000, 0x0000000707400000, 0x0000000707600000|  0%| F|  |TAMS 0x0000000707400000, 0x0000000707400000| Untracked 
|  42|0x0000000707600000, 0x0000000707600000, 0x0000000707800000|  0%| F|  |TAMS 0x0000000707600000, 0x0000000707600000| Untracked 
|  43|0x0000000707800000, 0x0000000707800000, 0x0000000707a00000|  0%| F|  |TAMS 0x0000000707800000, 0x0000000707800000| Untracked 
|  44|0x0000000707a00000, 0x0000000707a00000, 0x0000000707c00000|  0%| F|  |TAMS 0x0000000707a00000, 0x0000000707a00000| Untracked 
|  45|0x0000000707c00000, 0x0000000707c00000, 0x0000000707e00000|  0%| F|  |TAMS 0x0000000707c00000, 0x0000000707c00000| Untracked 
|  46|0x0000000707e00000, 0x0000000707e00000, 0x0000000708000000|  0%| F|  |TAMS 0x0000000707e00000, 0x0000000707e00000| Untracked 
|  47|0x0000000708000000, 0x0000000708000000, 0x0000000708200000|  0%| F|  |TAMS 0x0000000708000000, 0x0000000708000000| Untracked 
|  48|0x0000000708200000, 0x0000000708200000, 0x0000000708400000|  0%| F|  |TAMS 0x0000000708200000, 0x0000000708200000| Untracked 
|  49|0x0000000708400000, 0x0000000708400000, 0x0000000708600000|  0%| F|  |TAMS 0x0000000708400000, 0x0000000708400000| Untracked 
|  50|0x0000000708600000, 0x0000000708600000, 0x0000000708800000|  0%| F|  |TAMS 0x0000000708600000, 0x0000000708600000| Untracked 
|  51|0x0000000708800000, 0x0000000708800000, 0x0000000708a00000|  0%| F|  |TAMS 0x0000000708800000, 0x0000000708800000| Untracked 
|  52|0x0000000708a00000, 0x0000000708a00000, 0x0000000708c00000|  0%| F|  |TAMS 0x0000000708a00000, 0x0000000708a00000| Untracked 
|  53|0x0000000708c00000, 0x0000000708c00000, 0x0000000708e00000|  0%| F|  |TAMS 0x0000000708c00000, 0x0000000708c00000| Untracked 
|  54|0x0000000708e00000, 0x0000000708e00000, 0x0000000709000000|  0%| F|  |TAMS 0x0000000708e00000, 0x0000000708e00000| Untracked 
|  55|0x0000000709000000, 0x0000000709000000, 0x0000000709200000|  0%| F|  |TAMS 0x0000000709000000, 0x0000000709000000| Untracked 
|  56|0x0000000709200000, 0x0000000709200000, 0x0000000709400000|  0%| F|  |TAMS 0x0000000709200000, 0x0000000709200000| Untracked 
|  57|0x0000000709400000, 0x0000000709400000, 0x0000000709600000|  0%| F|  |TAMS 0x0000000709400000, 0x0000000709400000| Untracked 
|  58|0x0000000709600000, 0x0000000709600000, 0x0000000709800000|  0%| F|  |TAMS 0x0000000709600000, 0x0000000709600000| Untracked 
|  59|0x0000000709800000, 0x0000000709800000, 0x0000000709a00000|  0%| F|  |TAMS 0x0000000709800000, 0x0000000709800000| Untracked 
|  60|0x0000000709a00000, 0x0000000709a00000, 0x0000000709c00000|  0%| F|  |TAMS 0x0000000709a00000, 0x0000000709a00000| Untracked 
|  61|0x0000000709c00000, 0x0000000709c00000, 0x0000000709e00000|  0%| F|  |TAMS 0x0000000709c00000, 0x0000000709c00000| Untracked 
|  62|0x0000000709e00000, 0x0000000709e00000, 0x000000070a000000|  0%| F|  |TAMS 0x0000000709e00000, 0x0000000709e00000| Untracked 
|  63|0x000000070a000000, 0x000000070a000000, 0x000000070a200000|  0%| F|  |TAMS 0x000000070a000000, 0x000000070a000000| Untracked 
|  64|0x000000070a200000, 0x000000070a200000, 0x000000070a400000|  0%| F|  |TAMS 0x000000070a200000, 0x000000070a200000| Untracked 
|  65|0x000000070a400000, 0x000000070a400000, 0x000000070a600000|  0%| F|  |TAMS 0x000000070a400000, 0x000000070a400000| Untracked 
|  66|0x000000070a600000, 0x000000070a600000, 0x000000070a800000|  0%| F|  |TAMS 0x000000070a600000, 0x000000070a600000| Untracked 
|  67|0x000000070a800000, 0x000000070a800000, 0x000000070aa00000|  0%| F|  |TAMS 0x000000070a800000, 0x000000070a800000| Untracked 
|  68|0x000000070aa00000, 0x000000070aa00000, 0x000000070ac00000|  0%| F|  |TAMS 0x000000070aa00000, 0x000000070aa00000| Untracked 
|  69|0x000000070ac00000, 0x000000070ac00000, 0x000000070ae00000|  0%| F|  |TAMS 0x000000070ac00000, 0x000000070ac00000| Untracked 
|  70|0x000000070ae00000, 0x000000070ae00000, 0x000000070b000000|  0%| F|  |TAMS 0x000000070ae00000, 0x000000070ae00000| Untracked 
|  71|0x000000070b000000, 0x000000070b000000, 0x000000070b200000|  0%| F|  |TAMS 0x000000070b000000, 0x000000070b000000| Untracked 
|  72|0x000000070b200000, 0x000000070b200000, 0x000000070b400000|  0%| F|  |TAMS 0x000000070b200000, 0x000000070b200000| Untracked 
|  73|0x000000070b400000, 0x000000070b400000, 0x000000070b600000|  0%| F|  |TAMS 0x000000070b400000, 0x000000070b400000| Untracked 
|  74|0x000000070b600000, 0x000000070b600000, 0x000000070b800000|  0%| F|  |TAMS 0x000000070b600000, 0x000000070b600000| Untracked 
|  75|0x000000070b800000, 0x000000070b800000, 0x000000070ba00000|  0%| F|  |TAMS 0x000000070b800000, 0x000000070b800000| Untracked 
|  76|0x000000070ba00000, 0x000000070ba00000, 0x000000070bc00000|  0%| F|  |TAMS 0x000000070ba00000, 0x000000070ba00000| Untracked 
|  77|0x000000070bc00000, 0x000000070bc00000, 0x000000070be00000|  0%| F|  |TAMS 0x000000070bc00000, 0x000000070bc00000| Untracked 
|  78|0x000000070be00000, 0x000000070be00000, 0x000000070c000000|  0%| F|  |TAMS 0x000000070be00000, 0x000000070be00000| Untracked 
|  79|0x000000070c000000, 0x000000070c000000, 0x000000070c200000|  0%| F|  |TAMS 0x000000070c000000, 0x000000070c000000| Untracked 
|  80|0x000000070c200000, 0x000000070c200000, 0x000000070c400000|  0%| F|  |TAMS 0x000000070c200000, 0x000000070c200000| Untracked 
|  81|0x000000070c400000, 0x000000070c400000, 0x000000070c600000|  0%| F|  |TAMS 0x000000070c400000, 0x000000070c400000| Untracked 
|  82|0x000000070c600000, 0x000000070c600000, 0x000000070c800000|  0%| F|  |TAMS 0x000000070c600000, 0x000000070c600000| Untracked 
|  83|0x000000070c800000, 0x000000070c800000, 0x000000070ca00000|  0%| F|  |TAMS 0x000000070c800000, 0x000000070c800000| Untracked 
|  84|0x000000070ca00000, 0x000000070ca00000, 0x000000070cc00000|  0%| F|  |TAMS 0x000000070ca00000, 0x000000070ca00000| Untracked 
|  85|0x000000070cc00000, 0x000000070cc00000, 0x000000070ce00000|  0%| F|  |TAMS 0x000000070cc00000, 0x000000070cc00000| Untracked 
|  86|0x000000070ce00000, 0x000000070ce00000, 0x000000070d000000|  0%| F|  |TAMS 0x000000070ce00000, 0x000000070ce00000| Untracked 
|  87|0x000000070d000000, 0x000000070d000000, 0x000000070d200000|  0%| F|  |TAMS 0x000000070d000000, 0x000000070d000000| Untracked 
|  88|0x000000070d200000, 0x000000070d200000, 0x000000070d400000|  0%| F|  |TAMS 0x000000070d200000, 0x000000070d200000| Untracked 
|  89|0x000000070d400000, 0x000000070d400000, 0x000000070d600000|  0%| F|  |TAMS 0x000000070d400000, 0x000000070d400000| Untracked 
|  90|0x000000070d600000, 0x000000070d600000, 0x000000070d800000|  0%| F|  |TAMS 0x000000070d600000, 0x000000070d600000| Untracked 
|  91|0x000000070d800000, 0x000000070d800000, 0x000000070da00000|  0%| F|  |TAMS 0x000000070d800000, 0x000000070d800000| Untracked 
|  92|0x000000070da00000, 0x000000070da00000, 0x000000070dc00000|  0%| F|  |TAMS 0x000000070da00000, 0x000000070da00000| Untracked 
|  93|0x000000070dc00000, 0x000000070dc00000, 0x000000070de00000|  0%| F|  |TAMS 0x000000070dc00000, 0x000000070dc00000| Untracked 
|  94|0x000000070de00000, 0x000000070de00000, 0x000000070e000000|  0%| F|  |TAMS 0x000000070de00000, 0x000000070de00000| Untracked 
|  95|0x000000070e000000, 0x000000070e000000, 0x000000070e200000|  0%| F|  |TAMS 0x000000070e000000, 0x000000070e000000| Untracked 
|  96|0x000000070e200000, 0x000000070e200000, 0x000000070e400000|  0%| F|  |TAMS 0x000000070e200000, 0x000000070e200000| Untracked 
|  97|0x000000070e400000, 0x000000070e400000, 0x000000070e600000|  0%| F|  |TAMS 0x000000070e400000, 0x000000070e400000| Untracked 
|  98|0x000000070e600000, 0x000000070e600000, 0x000000070e800000|  0%| F|  |TAMS 0x000000070e600000, 0x000000070e600000| Untracked 
|  99|0x000000070e800000, 0x000000070e800000, 0x000000070ea00000|  0%| F|  |TAMS 0x000000070e800000, 0x000000070e800000| Untracked 
| 100|0x000000070ea00000, 0x000000070ea00000, 0x000000070ec00000|  0%| F|  |TAMS 0x000000070ea00000, 0x000000070ea00000| Untracked 
| 101|0x000000070ec00000, 0x000000070ec00000, 0x000000070ee00000|  0%| F|  |TAMS 0x000000070ec00000, 0x000000070ec00000| Untracked 
| 102|0x000000070ee00000, 0x000000070ee00000, 0x000000070f000000|  0%| F|  |TAMS 0x000000070ee00000, 0x000000070ee00000| Untracked 
| 103|0x000000070f000000, 0x000000070f000000, 0x000000070f200000|  0%| F|  |TAMS 0x000000070f000000, 0x000000070f000000| Untracked 
| 104|0x000000070f200000, 0x000000070f200000, 0x000000070f400000|  0%| F|  |TAMS 0x000000070f200000, 0x000000070f200000| Untracked 
| 105|0x000000070f400000, 0x000000070f400000, 0x000000070f600000|  0%| F|  |TAMS 0x000000070f400000, 0x000000070f400000| Untracked 
| 106|0x000000070f600000, 0x000000070f600000, 0x000000070f800000|  0%| F|  |TAMS 0x000000070f600000, 0x000000070f600000| Untracked 
| 107|0x000000070f800000, 0x000000070f800000, 0x000000070fa00000|  0%| F|  |TAMS 0x000000070f800000, 0x000000070f800000| Untracked 
| 108|0x000000070fa00000, 0x000000070fa00000, 0x000000070fc00000|  0%| F|  |TAMS 0x000000070fa00000, 0x000000070fa00000| Untracked 
| 109|0x000000070fc00000, 0x000000070fc00000, 0x000000070fe00000|  0%| F|  |TAMS 0x000000070fc00000, 0x000000070fc00000| Untracked 
| 110|0x000000070fe00000, 0x000000070fe00000, 0x0000000710000000|  0%| F|  |TAMS 0x000000070fe00000, 0x000000070fe00000| Untracked 
| 111|0x0000000710000000, 0x0000000710000000, 0x0000000710200000|  0%| F|  |TAMS 0x0000000710000000, 0x0000000710000000| Untracked 
| 112|0x0000000710200000, 0x00000007103efe00, 0x0000000710400000| 96%| S|CS|TAMS 0x0000000710200000, 0x0000000710200000| Complete 
| 113|0x0000000710400000, 0x0000000710400000, 0x0000000710600000|  0%| F|  |TAMS 0x0000000710400000, 0x0000000710400000| Untracked 
| 114|0x0000000710600000, 0x0000000710600000, 0x0000000710800000|  0%| F|  |TAMS 0x0000000710600000, 0x0000000710600000| Untracked 
| 115|0x0000000710800000, 0x0000000710800000, 0x0000000710a00000|  0%| F|  |TAMS 0x0000000710800000, 0x0000000710800000| Untracked 
| 116|0x0000000710a00000, 0x0000000710a00000, 0x0000000710c00000|  0%| F|  |TAMS 0x0000000710a00000, 0x0000000710a00000| Untracked 
| 117|0x0000000710c00000, 0x0000000710c00000, 0x0000000710e00000|  0%| F|  |TAMS 0x0000000710c00000, 0x0000000710c00000| Untracked 
| 118|0x0000000710e00000, 0x0000000710e00000, 0x0000000711000000|  0%| F|  |TAMS 0x0000000710e00000, 0x0000000710e00000| Untracked 
| 119|0x0000000711000000, 0x0000000711000000, 0x0000000711200000|  0%| F|  |TAMS 0x0000000711000000, 0x0000000711000000| Untracked 
| 120|0x0000000711200000, 0x0000000711200000, 0x0000000711400000|  0%| F|  |TAMS 0x0000000711200000, 0x0000000711200000| Untracked 
| 121|0x0000000711400000, 0x0000000711400000, 0x0000000711600000|  0%| F|  |TAMS 0x0000000711400000, 0x0000000711400000| Untracked 
| 122|0x0000000711600000, 0x0000000711600000, 0x0000000711800000|  0%| F|  |TAMS 0x0000000711600000, 0x0000000711600000| Untracked 
| 123|0x0000000711800000, 0x0000000711900800, 0x0000000711a00000| 50%| E|  |TAMS 0x0000000711800000, 0x0000000711800000| Complete 
| 124|0x0000000711a00000, 0x0000000711c00000, 0x0000000711c00000|100%| E|CS|TAMS 0x0000000711a00000, 0x0000000711a00000| Complete 
| 125|0x0000000711c00000, 0x0000000711e00000, 0x0000000711e00000|100%| E|CS|TAMS 0x0000000711c00000, 0x0000000711c00000| Complete 
| 126|0x0000000711e00000, 0x0000000712000000, 0x0000000712000000|100%| E|CS|TAMS 0x0000000711e00000, 0x0000000711e00000| Complete 

Card table byte_map: [0x0000023ea8840000,0x0000023ea9030000] _byte_map_base: 0x0000023ea502f000

Marking Bits (Prev, Next): (CMBitMap*) 0x0000023e915cceb0, (CMBitMap*) 0x0000023e915ccef0
 Prev Bits: [0x0000023ea9820000, 0x0000023ead798000)
 Next Bits: [0x0000023ead7a0000, 0x0000023eb1718000)

Polling page: 0x0000023e8f4b0000

Metaspace:

Usage:
  Non-class:      8.64 MB used.
      Class:      1.21 MB used.
       Both:      9.85 MB used.

Virtual space:
  Non-class space:       16.00 MB reserved,       8.69 MB ( 54%) committed,  2 nodes.
      Class space:        1.00 GB reserved,       1.31 MB ( <1%) committed,  1 nodes.
             Both:        1.02 GB reserved,      10.00 MB ( <1%) committed. 

Chunk freelists:
   Non-Class:  1.52 MB
       Class:  2.70 MB
        Both:  4.22 MB

MaxMetaspaceSize: unlimited
CompressedClassSpaceSize: 1.00 GB
Initial GC threshold: 21.00 MB
Current GC threshold: 21.00 MB
CDS: on
MetaspaceReclaimPolicy: balanced
 - commit_granule_bytes: 65536.
 - commit_granule_words: 8192.
 - virtual_space_node_default_size: 1048576.
 - enlarge_chunks_in_place: 1.
 - new_chunks_are_fully_committed: 0.
 - uncommit_free_chunks: 1.
 - use_allocation_guard: 0.
 - handle_deallocations: 1.


Internal statistics:

num_allocs_failed_limit: 0.
num_arena_births: 32.
num_arena_deaths: 0.
num_vsnodes_births: 3.
num_vsnodes_deaths: 0.
num_space_committed: 160.
num_space_uncommitted: 0.
num_chunks_returned_to_freelist: 0.
num_chunks_taken_from_freelist: 362.
num_chunk_merges: 0.
num_chunk_splits: 272.
num_chunks_enlarged: 224.
num_purges: 0.
num_inconsistent_stats: 0.

CodeHeap 'non-profiled nmethods': size=120000Kb used=705Kb max_used=705Kb free=119294Kb
 bounds [0x0000023ea0b20000, 0x0000023ea0d90000, 0x0000023ea8050000]
CodeHeap 'profiled nmethods': size=120000Kb used=3555Kb max_used=3555Kb free=116444Kb
 bounds [0x0000023e99050000, 0x0000023e993d0000, 0x0000023ea0580000]
CodeHeap 'non-nmethods': size=5760Kb used=1163Kb max_used=1198Kb free=4597Kb
 bounds [0x0000023ea0580000, 0x0000023ea07f0000, 0x0000023ea0b20000]
 total_blobs=2291 nmethods=1845 adapters=358
 compilation: enabled
              stopped_count=0, restarted_count=0
 full_count=0

Compilation events (20 events):
Event: 0.937 Thread 0x0000023eb4820090 1836       1       com.google.inject.spi.ProviderLookup::access$000 (5 bytes)
Event: 0.937 Thread 0x0000023eb4820090 nmethod 1836 0x0000023ea0bcca10 code [0x0000023ea0bccba0, 0x0000023ea0bccc58]
Event: 0.937 Thread 0x0000023eb4820090 1837       1       com.google.inject.internal.ConstructionContext::getCurrentReference (5 bytes)
Event: 0.937 Thread 0x0000023eb4820090 nmethod 1837 0x0000023ea0bccd10 code [0x0000023ea0bccea0, 0x0000023ea0bccf78]
Event: 0.937 Thread 0x0000023eb4820090 1838       1       com.google.inject.internal.ConstructionContext::setCurrentReference (6 bytes)
Event: 0.937 Thread 0x0000023eb4820090 nmethod 1838 0x0000023ea0bcd010 code [0x0000023ea0bcd1a0, 0x0000023ea0bcd2b8]
Event: 0.937 Thread 0x0000023eb4820090 1839       1       java.lang.reflect.Constructor::getConstructorAccessor (5 bytes)
Event: 0.937 Thread 0x0000023eb4820090 nmethod 1839 0x0000023ea0bcd310 code [0x0000023ea0bcd4a0, 0x0000023ea0bcd578]
Event: 0.937 Thread 0x0000023eb4820090 1840       1       jdk.internal.reflect.DelegatingConstructorAccessorImpl::setDelegate (6 bytes)
Event: 0.937 Thread 0x0000023eb4820090 nmethod 1840 0x0000023ea0bcd610 code [0x0000023ea0bcd7a0, 0x0000023ea0bcd8b8]
Event: 0.937 Thread 0x0000023eb4820090 1841       3       java.util.Collections$EmptyMap::entrySet (4 bytes)
Event: 0.937 Thread 0x0000023eb4820090 nmethod 1841 0x0000023e993c5b90 code [0x0000023e993c5d20, 0x0000023e993c5e98]
Event: 0.938 Thread 0x0000023eb4820090 1842       3       org.eclipse.sisu.inject.DefaultBeanLocator::fetchBindings (87 bytes)
Event: 0.938 Thread 0x0000023eb4820090 nmethod 1842 0x0000023e993c5f90 code [0x0000023e993c6280, 0x0000023e993c75c8]
Event: 0.938 Thread 0x0000023eb4820090 1843       3       org.eclipse.sisu.inject.MildValues::get (27 bytes)
Event: 0.939 Thread 0x0000023eb4820090 nmethod 1843 0x0000023e993c7c10 code [0x0000023e993c7de0, 0x0000023e993c81f8]
Event: 0.939 Thread 0x0000023eb4820090 1844       3       org.eclipse.sisu.inject.Guice4::getDeclaringSource (30 bytes)
Event: 0.939 Thread 0x0000023eb4820090 nmethod 1844 0x0000023e993c8310 code [0x0000023e993c84c0, 0x0000023e993c8918]
Event: 0.939 Thread 0x0000023eb4820090 1845       3       com.google.common.collect.CompactLinkedHashMap::getSuccessor (8 bytes)
Event: 0.939 Thread 0x0000023eb4820090 nmethod 1845 0x0000023e993c8a90 code [0x0000023e993c8c20, 0x0000023e993c8d58]

GC Heap History (6 events):
Event: 0.287 GC heap before
{Heap before GC invocations=0 (full 0):
 garbage-first heap   total 260096K, used 10240K [0x0000000702200000, 0x0000000800000000)
  region size 2048K, 6 young (12288K), 0 survivors (0K)
 Metaspace       used 3161K, committed 3264K, reserved 1056768K
  class space    used 331K, committed 384K, reserved 1048576K
}
Event: 0.290 GC heap after
{Heap after GC invocations=1 (full 0):
 garbage-first heap   total 260096K, used 2980K [0x0000000702200000, 0x0000000800000000)
  region size 2048K, 1 young (2048K), 1 survivors (2048K)
 Metaspace       used 3161K, committed 3264K, reserved 1056768K
  class space    used 331K, committed 384K, reserved 1048576K
}
Event: 0.449 GC heap before
{Heap before GC invocations=1 (full 0):
 garbage-first heap   total 260096K, used 11172K [0x0000000702200000, 0x0000000800000000)
  region size 2048K, 6 young (12288K), 1 survivors (2048K)
 Metaspace       used 4725K, committed 4864K, reserved 1056768K
  class space    used 556K, committed 640K, reserved 1048576K
}
Event: 0.451 GC heap after
{Heap after GC invocations=2 (full 0):
 garbage-first heap   total 260096K, used 3709K [0x0000000702200000, 0x0000000800000000)
  region size 2048K, 1 young (2048K), 1 survivors (2048K)
 Metaspace       used 4725K, committed 4864K, reserved 1056768K
  class space    used 556K, committed 640K, reserved 1048576K
}
Event: 0.809 GC heap before
{Heap before GC invocations=2 (full 0):
 garbage-first heap   total 260096K, used 30333K [0x0000000702200000, 0x0000000800000000)
  region size 2048K, 14 young (28672K), 1 survivors (2048K)
 Metaspace       used 9042K, committed 9152K, reserved 1064960K
  class space    used 1111K, committed 1152K, reserved 1048576K
}
Event: 0.811 GC heap after
{Heap after GC invocations=3 (full 0):
 garbage-first heap   total 260096K, used 5068K [0x0000000702200000, 0x0000000800000000)
  region size 2048K, 1 young (2048K), 1 survivors (2048K)
 Metaspace       used 9042K, committed 9152K, reserved 1064960K
  class space    used 1111K, committed 1152K, reserved 1048576K
}

Dll operation events (8 events):
Event: 0.006 Loaded shared library C:\Program Files\Eclipse Adoptium\jdk-17.0.6.10-hotspot\bin\java.dll
Event: 0.018 Loaded shared library C:\Program Files\Eclipse Adoptium\jdk-17.0.6.10-hotspot\bin\jsvml.dll
Event: 0.046 Loaded shared library C:\Program Files\Eclipse Adoptium\jdk-17.0.6.10-hotspot\bin\net.dll
Event: 0.047 Loaded shared library C:\Program Files\Eclipse Adoptium\jdk-17.0.6.10-hotspot\bin\nio.dll
Event: 0.050 Loaded shared library C:\Program Files\Eclipse Adoptium\jdk-17.0.6.10-hotspot\bin\zip.dll
Event: 0.108 Loaded shared library C:\Program Files\Eclipse Adoptium\jdk-17.0.6.10-hotspot\bin\jimage.dll
Event: 0.122 Loaded shared library O:\Programs\NetBeans-17\netbeans\java\maven\lib\jansi-native\Windows\x86_64\jansi.dll
Event: 0.130 Loaded shared library C:\Program Files\Eclipse Adoptium\jdk-17.0.6.10-hotspot\bin\verify.dll

Deoptimization events (20 events):
Event: 0.579 Thread 0x0000023e9155d3c0 DEOPT UNPACKING pc=0x0000023ea05d7143 sp=0x0000009f4acfd070 mode 0
Event: 0.599 Thread 0x0000023e9155d3c0 Uncommon trap: trap_request=0xffffffc6 fr.pc=0x0000023ea0b91850 relative=0x0000000000000290
Event: 0.599 Thread 0x0000023e9155d3c0 Uncommon trap: reason=bimorphic_or_optimized_type_check action=maybe_recompile pc=0x0000023ea0b91850 method=java.util.HashMap.getNode(Ljava/lang/Object;)Ljava/util/HashMap$Node; @ 128 c2
Event: 0.599 Thread 0x0000023e9155d3c0 DEOPT PACKING pc=0x0000023ea0b91850 sp=0x0000009f4acfe080
Event: 0.599 Thread 0x0000023e9155d3c0 DEOPT UNPACKING pc=0x0000023ea05d69a3 sp=0x0000009f4acfdfe8 mode 2
Event: 0.746 Thread 0x0000023e9155d3c0 Uncommon trap: trap_request=0xffffffc6 fr.pc=0x0000023ea0b91850 relative=0x0000000000000290
Event: 0.746 Thread 0x0000023e9155d3c0 Uncommon trap: reason=bimorphic_or_optimized_type_check action=maybe_recompile pc=0x0000023ea0b91850 method=java.util.HashMap.getNode(Ljava/lang/Object;)Ljava/util/HashMap$Node; @ 128 c2
Event: 0.746 Thread 0x0000023e9155d3c0 DEOPT PACKING pc=0x0000023ea0b91850 sp=0x0000009f4acfdf70
Event: 0.746 Thread 0x0000023e9155d3c0 DEOPT UNPACKING pc=0x0000023ea05d69a3 sp=0x0000009f4acfded8 mode 2
Event: 0.746 Thread 0x0000023e9155d3c0 Uncommon trap: trap_request=0xffffffc6 fr.pc=0x0000023ea0b91850 relative=0x0000000000000290
Event: 0.746 Thread 0x0000023e9155d3c0 Uncommon trap: reason=bimorphic_or_optimized_type_check action=maybe_recompile pc=0x0000023ea0b91850 method=java.util.HashMap.getNode(Ljava/lang/Object;)Ljava/util/HashMap$Node; @ 128 c2
Event: 0.746 Thread 0x0000023e9155d3c0 DEOPT PACKING pc=0x0000023ea0b91850 sp=0x0000009f4acfdf70
Event: 0.746 Thread 0x0000023e9155d3c0 DEOPT UNPACKING pc=0x0000023ea05d69a3 sp=0x0000009f4acfded8 mode 2
Event: 0.747 Thread 0x0000023e9155d3c0 Uncommon trap: trap_request=0xffffffc6 fr.pc=0x0000023ea0b91850 relative=0x0000000000000290
Event: 0.747 Thread 0x0000023e9155d3c0 Uncommon trap: reason=bimorphic_or_optimized_type_check action=maybe_recompile pc=0x0000023ea0b91850 method=java.util.HashMap.getNode(Ljava/lang/Object;)Ljava/util/HashMap$Node; @ 128 c2
Event: 0.747 Thread 0x0000023e9155d3c0 DEOPT PACKING pc=0x0000023ea0b91850 sp=0x0000009f4acfde40
Event: 0.747 Thread 0x0000023e9155d3c0 DEOPT UNPACKING pc=0x0000023ea05d69a3 sp=0x0000009f4acfdda8 mode 2
Event: 0.941 Thread 0x0000023e9155d3c0 Uncommon trap: trap_request=0xffffff45 fr.pc=0x0000023ea0b35488 relative=0x00000000000001e8
Event: 0.941 Thread 0x0000023e9155d3c0 Uncommon trap: reason=unstable_if action=reinterpret pc=0x0000023ea0b35488 method=java.lang.String.startsWith(Ljava/lang/String;I)Z @ 1 c2
Event: 0.941 Thread 0x0000023e9155d3c0 DEOPT PACKING pc=0x0000023ea0b35488 sp=0x0000009f4acf6f80

Classes unloaded (0 events):
No events

Classes redefined (0 events):
No events

Internal exceptions (12 events):
Event: 0.106 Thread 0x0000023e9155d3c0 Exception <a 'java/lang/NullPointerException'{0x0000000711d5e1a0}> (0x0000000711d5e1a0) 
thrown [s\src\hotspot\share\interpreter\linkResolver.cpp, line 1350]
Event: 0.124 Thread 0x0000023e9155d3c0 Exception <a 'java/lang/NullPointerException'{0x0000000711a2dbd0}> (0x0000000711a2dbd0) 
thrown [s\src\hotspot\share\interpreter\linkResolver.cpp, line 1350]
Event: 0.124 Thread 0x0000023e9155d3c0 Exception <a 'java/lang/NullPointerException'{0x0000000711a2dea8}> (0x0000000711a2dea8) 
thrown [s\src\hotspot\share\interpreter\linkResolver.cpp, line 1350]
Event: 0.124 Thread 0x0000023e9155d3c0 Exception <a 'java/lang/NullPointerException'{0x0000000711a2e180}> (0x0000000711a2e180) 
thrown [s\src\hotspot\share\interpreter\linkResolver.cpp, line 1350]
Event: 0.124 Thread 0x0000023e9155d3c0 Exception <a 'java/lang/NullPointerException'{0x0000000711a339c8}> (0x0000000711a339c8) 
thrown [s\src\hotspot\share\interpreter\linkResolver.cpp, line 1350]
Event: 0.125 Thread 0x0000023e9155d3c0 Exception <a 'java/lang/NullPointerException'{0x0000000711a48c58}> (0x0000000711a48c58) 
thrown [s\src\hotspot\share\interpreter\linkResolver.cpp, line 1350]
Event: 0.125 Thread 0x0000023e9155d3c0 Exception <a 'java/lang/NullPointerException'{0x0000000711a48f30}> (0x0000000711a48f30) 
thrown [s\src\hotspot\share\interpreter\linkResolver.cpp, line 1350]
Event: 0.125 Thread 0x0000023e9155d3c0 Exception <a 'java/lang/NullPointerException'{0x0000000711a49208}> (0x0000000711a49208) 
thrown [s\src\hotspot\share\interpreter\linkResolver.cpp, line 1350]
Event: 0.126 Thread 0x0000023e9155d3c0 Exception <a 'java/lang/NullPointerException'{0x0000000711a494e0}> (0x0000000711a494e0) 
thrown [s\src\hotspot\share\interpreter\linkResolver.cpp, line 1350]
Event: 0.335 Thread 0x0000023e9155d3c0 Exception <a 'java/lang/NoSuchMethodError'{0x0000000711c710e8}: 'java.lang.Object java.lang.invoke.DirectMethodHandle$Holder.newInvokeSpecial(java.lang.Object, java.lang.Object, java.lang.Object, java.lang.Object, java.lang.Object)'> (0x0000000711c710e8) 
thrown [s\src\hotspot\share\interpreter\linkResolver.cpp, line 759]
Event: 0.401 Thread 0x0000023e9155d3c0 Exception <a 'java/lang/NoClassDefFoundError'{0x0000000711dd4e78}: javax/enterprise/inject/Typed> (0x0000000711dd4e78) 
thrown [s\src\hotspot\share\classfile\systemDictionary.cpp, line 245]
Event: 0.901 Thread 0x0000023e9155d3c0 Exception <a 'java/lang/NoClassDefFoundError'{0x0000000711a461c0}: com/google/inject/servlet/ServletModuleTargetVisitor> (0x0000000711a461c0) 
thrown [s\src\hotspot\share\classfile\systemDictionary.cpp, line 245]

VM Operations (20 events):
Event: 0.287 Executing VM operation: G1CollectForAllocation
Event: 0.290 Executing VM operation: G1CollectForAllocation done
Event: 0.449 Executing VM operation: G1CollectForAllocation
Event: 0.451 Executing VM operation: G1CollectForAllocation done
Event: 0.637 Executing VM operation: HandshakeAllThreads
Event: 0.637 Executing VM operation: HandshakeAllThreads done
Event: 0.680 Executing VM operation: HandshakeAllThreads
Event: 0.680 Executing VM operation: HandshakeAllThreads done
Event: 0.789 Executing VM operation: ICBufferFull
Event: 0.789 Executing VM operation: ICBufferFull done
Event: 0.809 Executing VM operation: G1CollectForAllocation
Event: 0.811 Executing VM operation: G1CollectForAllocation done
Event: 0.812 Executing VM operation: HandshakeAllThreads
Event: 0.812 Executing VM operation: HandshakeAllThreads done
Event: 0.813 Executing VM operation: HandshakeAllThreads
Event: 0.813 Executing VM operation: HandshakeAllThreads done
Event: 0.887 Executing VM operation: HandshakeAllThreads
Event: 0.887 Executing VM operation: HandshakeAllThreads done
Event: 0.940 Executing VM operation: HandshakeAllThreads
Event: 0.940 Executing VM operation: HandshakeAllThreads done

Events (20 events):
Event: 0.939 loading class sun/security/jca/Providers
Event: 0.939 loading class sun/security/jca/Providers done
Event: 0.939 loading class sun/security/jca/ProviderList
Event: 0.939 loading class sun/security/jca/ProviderList done
Event: 0.939 loading class sun/security/jca/ProviderConfig
Event: 0.939 loading class sun/security/jca/ProviderConfig done
Event: 0.939 loading class java/security/Provider
Event: 0.939 loading class java/security/Provider done
Event: 0.940 loading class sun/security/jca/ProviderList$3
Event: 0.940 loading class sun/security/jca/ProviderList$3 done
Event: 0.940 loading class sun/security/jca/ProviderList$1
Event: 0.940 loading class sun/security/jca/ProviderList$1 done
Event: 0.940 loading class java/security/Provider$ServiceKey
Event: 0.940 loading class java/security/Provider$ServiceKey done
Event: 0.940 loading class java/security/Provider$EngineDescription
Event: 0.940 loading class java/security/Provider$EngineDescription done
Event: 0.940 loading class jdk/internal/math/FloatingDecimal$ASCIIToBinaryBuffer
Event: 0.940 loading class jdk/internal/math/FloatingDecimal$ASCIIToBinaryBuffer done
Event: 0.940 loading class sun/security/jca/ProviderList$2
Event: 0.941 loading class sun/security/jca/ProviderList$2 done


Dynamic libraries:
0x00007ff724f80000 - 0x00007ff724f8e000 	C:\Program Files\Eclipse Adoptium\jdk-17.0.6.10-hotspot\bin\java.exe
0x00007ffcb8e30000 - 0x00007ffcb9028000 	C:\Windows\SYSTEM32\ntdll.dll
0x00007ffcb8790000 - 0x00007ffcb884d000 	C:\Windows\System32\KERNEL32.DLL
0x00007ffcb6bb0000 - 0x00007ffcb6e82000 	C:\Windows\System32\KERNELBASE.dll
0x00007ffcb6ab0000 - 0x00007ffcb6bb0000 	C:\Windows\System32\ucrtbase.dll
0x00007ffc5a2a0000 - 0x00007ffc5a2b9000 	C:\Program Files\Eclipse Adoptium\jdk-17.0.6.10-hotspot\bin\VCRUNTIME140.dll
0x00007ffc5a950000 - 0x00007ffc5a967000 	C:\Program Files\Eclipse Adoptium\jdk-17.0.6.10-hotspot\bin\jli.dll
0x00007ffcb8c50000 - 0x00007ffcb8ded000 	C:\Windows\System32\USER32.dll
0x00007ffcb68a0000 - 0x00007ffcb68c2000 	C:\Windows\System32\win32u.dll
0x00007ffca5800000 - 0x00007ffca5a9a000 	C:\Windows\WinSxS\amd64_microsoft.windows.common-controls_6595b64144ccf1df_6.0.19041.1110_none_60b5254171f9507e\COMCTL32.dll
0x00007ffcb8350000 - 0x00007ffcb837b000 	C:\Windows\System32\GDI32.dll
0x00007ffcb8a70000 - 0x00007ffcb8b0e000 	C:\Windows\System32\msvcrt.dll
0x00007ffcb6660000 - 0x00007ffcb676f000 	C:\Windows\System32\gdi32full.dll
0x00007ffcb6770000 - 0x00007ffcb680d000 	C:\Windows\System32\msvcp_win.dll
0x00007ffcb85a0000 - 0x00007ffcb85d0000 	C:\Windows\System32\IMM32.DLL
0x00007ffc9a860000 - 0x00007ffc9a86c000 	C:\Program Files\Eclipse Adoptium\jdk-17.0.6.10-hotspot\bin\vcruntime140_1.dll
0x00007ffc59700000 - 0x00007ffc59791000 	C:\Program Files\Eclipse Adoptium\jdk-17.0.6.10-hotspot\bin\msvcp140.dll
0x00007ffc53860000 - 0x00007ffc544a7000 	C:\Program Files\Eclipse Adoptium\jdk-17.0.6.10-hotspot\bin\server\jvm.dll
0x00007ffcb84f0000 - 0x00007ffcb859e000 	C:\Windows\System32\ADVAPI32.dll
0x00007ffcb89d0000 - 0x00007ffcb8a6c000 	C:\Windows\System32\sechost.dll
0x00007ffcb8b20000 - 0x00007ffcb8c45000 	C:\Windows\System32\RPCRT4.dll
0x00007ffc9a770000 - 0x00007ffc9a779000 	C:\Windows\SYSTEM32\WSOCK32.dll
0x00007ffca90e0000 - 0x00007ffca9107000 	C:\Windows\SYSTEM32\WINMM.dll
0x00007ffcab4d0000 - 0x00007ffcab4da000 	C:\Windows\SYSTEM32\VERSION.dll
0x00007ffcb8720000 - 0x00007ffcb878b000 	C:\Windows\System32\WS2_32.dll
0x00007ffcb4420000 - 0x00007ffcb4432000 	C:\Windows\SYSTEM32\kernel.appcore.dll
0x00007ffc994c0000 - 0x00007ffc994ca000 	C:\Program Files\Eclipse Adoptium\jdk-17.0.6.10-hotspot\bin\jimage.dll
0x00007ffca3e30000 - 0x00007ffca4014000 	C:\Windows\SYSTEM32\DBGHELP.DLL
0x00007ffca4660000 - 0x00007ffca468c000 	C:\Windows\SYSTEM32\dbgcore.DLL
0x00007ffcb6810000 - 0x00007ffcb6892000 	C:\Windows\System32\bcryptPrimitives.dll
0x00007ffc5a270000 - 0x00007ffc5a295000 	C:\Program Files\Eclipse Adoptium\jdk-17.0.6.10-hotspot\bin\java.dll
0x00007ffc59620000 - 0x00007ffc596f6000 	C:\Program Files\Eclipse Adoptium\jdk-17.0.6.10-hotspot\bin\jsvml.dll
0x00007ffcb75a0000 - 0x00007ffcb7ce3000 	C:\Windows\System32\SHELL32.dll
0x00007ffcb4620000 - 0x00007ffcb4db1000 	C:\Windows\SYSTEM32\windows.storage.dll
0x00007ffcb6e90000 - 0x00007ffcb71e4000 	C:\Windows\System32\combase.dll
0x00007ffcb5f30000 - 0x00007ffcb5f60000 	C:\Windows\SYSTEM32\Wldp.dll
0x00007ffcb71f0000 - 0x00007ffcb729d000 	C:\Windows\System32\SHCORE.dll
0x00007ffcb7cf0000 - 0x00007ffcb7d45000 	C:\Windows\System32\shlwapi.dll
0x00007ffcb6480000 - 0x00007ffcb649f000 	C:\Windows\SYSTEM32\profapi.dll
0x00007ffc59250000 - 0x00007ffc59269000 	C:\Program Files\Eclipse Adoptium\jdk-17.0.6.10-hotspot\bin\net.dll
0x00007ffcaeac0000 - 0x00007ffcaebcd000 	C:\Windows\SYSTEM32\WINHTTP.dll
0x00007ffcb5c20000 - 0x00007ffcb5c8a000 	C:\Windows\system32\mswsock.dll
0x00007ffc57e50000 - 0x00007ffc57e65000 	C:\Program Files\Eclipse Adoptium\jdk-17.0.6.10-hotspot\bin\nio.dll
0x00007ffc59270000 - 0x00007ffc59288000 	C:\Program Files\Eclipse Adoptium\jdk-17.0.6.10-hotspot\bin\zip.dll
0x0000000069ac0000 - 0x0000000069ae4000 	O:\Programs\NetBeans-17\netbeans\java\maven\lib\jansi-native\Windows\x86_64\jansi.dll
0x00007ffc895e0000 - 0x00007ffc895f0000 	C:\Program Files\Eclipse Adoptium\jdk-17.0.6.10-hotspot\bin\verify.dll

dbghelp: loaded successfully - version: 4.0.5 - missing functions: none
symbol engine: initialized successfully - sym options: 0x614 - pdb path: .;C:\Program Files\Eclipse Adoptium\jdk-17.0.6.10-hotspot\bin;C:\Windows\SYSTEM32;C:\Windows\WinSxS\amd64_microsoft.windows.common-controls_6595b64144ccf1df_6.0.19041.1110_none_60b5254171f9507e;C:\Program Files\Eclipse Adoptium\jdk-17.0.6.10-hotspot\bin\server;O:\Programs\NetBeans-17\netbeans\java\maven\lib\jansi-native\Windows\x86_64

VM Arguments:
jvm_args: -Dclassworlds.conf=O:\Programs\NetBeans-17\netbeans\java\maven\bin\m2.conf -Dmaven.home=O:\Programs\NetBeans-17\netbeans\java\maven -Dlibrary.jansi.path=O:\Programs\NetBeans-17\netbeans\java\maven\lib\jansi-native -Dmaven.multiModuleProjectDirectory=O:\Programming\omg\backend 
java_command: org.codehaus.plexus.classworlds.launcher.Launcher -Dmaven.ext.class.path=O:\Programs\NetBeans-17\netbeans\java\maven-nblib\netbeans-eventspy.jar -Dfile.encoding=UTF-8 --no-transfer-progress clean install
java_class_path (initial): O:\Programs\NetBeans-17\netbeans\java\maven\boot\plexus-classworlds-2.6.0.jar
Launcher Type: SUN_STANDARD

[Global flags]
     intx CICompilerCount                          = 3                                         {product} {ergonomic}
     uint ConcGCThreads                            = 1                                         {product} {ergonomic}
     uint G1ConcRefinementThreads                  = 4                                         {product} {ergonomic}
   size_t G1HeapRegionSize                         = 2097152                                   {product} {ergonomic}
    uintx GCDrainStackTargetSize                   = 64                                        {product} {ergonomic}
   size_t InitialHeapSize                          = 266338304                                 {product} {ergonomic}
   size_t MarkStackSize                            = 4194304                                   {product} {ergonomic}
   size_t MaxHeapSize                              = 4259315712                                {product} {ergonomic}
   size_t MaxNewSize                               = 2554331136                                {product} {ergonomic}
   size_t MinHeapDeltaBytes                        = 2097152                                   {product} {ergonomic}
   size_t MinHeapSize                              = 8388608                                   {product} {ergonomic}
    uintx NonNMethodCodeHeapSize                   = 5832780                                {pd product} {ergonomic}
    uintx NonProfiledCodeHeapSize                  = 122912730                              {pd product} {ergonomic}
    uintx ProfiledCodeHeapSize                     = 122912730                              {pd product} {ergonomic}
    uintx ReservedCodeCacheSize                    = 251658240                              {pd product} {ergonomic}
     bool SegmentedCodeCache                       = true                                      {product} {ergonomic}
   size_t SoftMaxHeapSize                          = 4259315712                             {manageable} {ergonomic}
     bool UseCompressedClassPointers               = true                           {product lp64_product} {ergonomic}
     bool UseCompressedOops                        = true                           {product lp64_product} {ergonomic}
     bool UseG1GC                                  = true                                      {product} {ergonomic}
     bool UseLargePagesIndividualAllocation        = false                                  {pd product} {ergonomic}

Logging:
Log output configuration:
 #0: stdout all=warning uptime,level,tags
 #1: stderr all=off uptime,level,tags

Environment Variables:
JAVA_HOME=C:\Program Files\Eclipse Adoptium\jdk-17.0.6.10-hotspot
PATH=C:\Program Files\Eclipse Adoptium\jdk-17.0.6.10-hotspot\bin;C:\Program Files\Eclipse Adoptium\jdk-11.0.16.8-hotspot\bin;C:\Program Files\dotnet\;C:\Windows\System32;C:\Program Files\Microsoft SQL Server\130\Tools\Binn\;C:\Program Files\Microsoft SQL Server\Client SDK\ODBC\170\Tools\Binn\;C:\Program Files\Azure Data Studio\bin;C:\Program Files (x86)\Microsoft SQL Server\150\DTS\Binn\;C:\ProgramData\chocolatey\bin;C:\Program Files\nodejs\;C:\Program Files\Git\cmd;C:\Windows\System32\WindowsPowerShell\v1.0;C:\Users\barda\AppData\Local\Programs\Python\Python311\Scripts\;C:\Users\barda\AppData\Local\Programs\Python\Python311\;C:\msys64\mingw64\bin;C:\Users\barda\AppData\Local\GitHubDesktop\bin;D:\Programs\Microsoft VS Code\bin;C:\Users\barda\.dotnet\tools;C:\Users\barda\AppData\Roaming\npm;O:\Programs\Microsoft VS Code\bin
USERNAME=barda
OS=Windows_NT
PROCESSOR_IDENTIFIER=Intel64 Family 6 Model 60 Stepping 3, GenuineIntel
TMP=C:\Users\barda\AppData\Local\Temp
TEMP=C:\Users\barda\AppData\Local\Temp



---------------  S Y S T E M  ---------------

OS:
 Windows 10 , 64 bit Build 19041 (10.0.19041.1889)
OS uptime: 15 days 11:30 hours

CPU: total 4 (initial active 4) (4 cores per cpu, 1 threads per core) family 6 model 60 stepping 3 microcode 0x27, cx8, cmov, fxsr, mmx, sse, sse2, sse3, ssse3, sse4.1, sse4.2, popcnt, lzcnt, tsc, tscinvbit, avx, avx2, aes, erms, clmul, bmi1, bmi2, fma, vzeroupper, clflush

Memory: 4k page, system-wide physical 16244M (4625M free)
TotalPageFile size 18292M (AvailPageFile size 4M)
current process WorkingSet (physical memory assigned to process): 97M, peak: 98M
current process commit charge ("private bytes"): 360M, peak: 361M

vm_info: OpenJDK 64-Bit Server VM (17.0.6+10) for windows-amd64 JRE (17.0.6+10), built on Jan 18 2023 10:08:59 by "temurin" with MS VC++ 16.7 (VS2019)

END.
